mode: set
golang-clean-arch-hateoas-example/domain/item.go:37.35,39.26 1 1
golang-clean-arch-hateoas-example/domain/item.go:42.2,42.12 1 1
golang-clean-arch-hateoas-example/domain/item.go:39.26,41.3 1 1
golang-clean-arch-hateoas-example/domain/item.go:45.97,54.16 3 1
golang-clean-arch-hateoas-example/domain/item.go:58.2,59.16 2 1
golang-clean-arch-hateoas-example/domain/item.go:63.2,63.19 1 1
golang-clean-arch-hateoas-example/domain/item.go:54.16,56.3 1 0
golang-clean-arch-hateoas-example/domain/item.go:59.16,61.3 1 1
golang-clean-arch-hateoas-example/domain/item.go:66.49,68.60 2 1
golang-clean-arch-hateoas-example/domain/item.go:72.2,73.16 2 1
golang-clean-arch-hateoas-example/domain/item.go:77.2,77.19 1 1
golang-clean-arch-hateoas-example/domain/item.go:68.60,70.3 1 0
golang-clean-arch-hateoas-example/domain/item.go:73.16,75.3 1 0
golang-clean-arch-hateoas-example/domain/item.go:80.44,81.18 1 1
golang-clean-arch-hateoas-example/domain/item.go:84.2,100.18 3 1
golang-clean-arch-hateoas-example/domain/item.go:81.18,83.3 1 1
golang-clean-arch-hateoas-example/module/item/usecase/itemUseCase.go:9.75,13.2 1 1
golang-clean-arch-hateoas-example/module/item/usecase/updateItemUseCase.go:23.89,25.48 2 1
golang-clean-arch-hateoas-example/module/item/usecase/updateItemUseCase.go:31.2,32.48 2 1
golang-clean-arch-hateoas-example/module/item/usecase/updateItemUseCase.go:38.2,40.48 2 1
golang-clean-arch-hateoas-example/module/item/usecase/updateItemUseCase.go:46.2,48.48 2 1
golang-clean-arch-hateoas-example/module/item/usecase/updateItemUseCase.go:54.2,55.25 2 1
golang-clean-arch-hateoas-example/module/item/usecase/updateItemUseCase.go:25.48,29.3 3 1
golang-clean-arch-hateoas-example/module/item/usecase/updateItemUseCase.go:32.48,36.3 3 1
golang-clean-arch-hateoas-example/module/item/usecase/updateItemUseCase.go:40.48,44.3 3 0
golang-clean-arch-hateoas-example/module/item/usecase/updateItemUseCase.go:48.48,52.3 3 0
golang-clean-arch-hateoas-example/module/item/usecase/createItemUseCase.go:19.89,22.48 2 1
golang-clean-arch-hateoas-example/module/item/usecase/createItemUseCase.go:28.2,30.48 2 1
golang-clean-arch-hateoas-example/module/item/usecase/createItemUseCase.go:36.2,38.48 2 1
golang-clean-arch-hateoas-example/module/item/usecase/createItemUseCase.go:44.2,45.25 2 1
golang-clean-arch-hateoas-example/module/item/usecase/createItemUseCase.go:22.48,26.3 3 1
golang-clean-arch-hateoas-example/module/item/usecase/createItemUseCase.go:30.48,34.3 3 0
golang-clean-arch-hateoas-example/module/item/usecase/createItemUseCase.go:38.48,42.3 3 0
golang-clean-arch-hateoas-example/module/item/usecase/deleteItemUseCase.go:21.89,24.48 2 1
golang-clean-arch-hateoas-example/module/item/usecase/deleteItemUseCase.go:30.2,32.48 2 1
golang-clean-arch-hateoas-example/module/item/usecase/deleteItemUseCase.go:38.2,40.48 2 1
golang-clean-arch-hateoas-example/module/item/usecase/deleteItemUseCase.go:46.2,47.25 2 1
golang-clean-arch-hateoas-example/module/item/usecase/deleteItemUseCase.go:24.48,28.3 3 1
golang-clean-arch-hateoas-example/module/item/usecase/deleteItemUseCase.go:32.48,36.3 3 0
golang-clean-arch-hateoas-example/module/item/usecase/deleteItemUseCase.go:40.48,44.3 3 0
golang-clean-arch-hateoas-example/module/item/usecase/fetchItensUseCase.go:18.88,21.17 2 1
golang-clean-arch-hateoas-example/module/item/usecase/fetchItensUseCase.go:27.2,29.48 2 1
golang-clean-arch-hateoas-example/module/item/usecase/fetchItensUseCase.go:35.2,37.48 2 1
golang-clean-arch-hateoas-example/module/item/usecase/fetchItensUseCase.go:43.2,44.25 2 1
golang-clean-arch-hateoas-example/module/item/usecase/fetchItensUseCase.go:21.17,25.3 3 1
golang-clean-arch-hateoas-example/module/item/usecase/fetchItensUseCase.go:29.48,33.3 3 0
golang-clean-arch-hateoas-example/module/item/usecase/fetchItensUseCase.go:37.48,41.3 3 0
golang-clean-arch-hateoas-example/module/item/usecase/getByIdUseCase.go:21.90,24.48 2 1
golang-clean-arch-hateoas-example/module/item/usecase/getByIdUseCase.go:30.2,32.48 2 1
golang-clean-arch-hateoas-example/module/item/usecase/getByIdUseCase.go:38.2,40.48 2 1
golang-clean-arch-hateoas-example/module/item/usecase/getByIdUseCase.go:46.2,47.25 2 1
golang-clean-arch-hateoas-example/module/item/usecase/getByIdUseCase.go:24.48,28.3 3 1
golang-clean-arch-hateoas-example/module/item/usecase/getByIdUseCase.go:32.48,36.3 3 0
golang-clean-arch-hateoas-example/module/item/usecase/getByIdUseCase.go:40.48,44.3 3 0
golang-clean-arch-hateoas-example/module/item/repository/createItemRepository.go:7.82,13.16 3 1
golang-clean-arch-hateoas-example/module/item/repository/createItemRepository.go:16.2,20.16 2 1
golang-clean-arch-hateoas-example/module/item/repository/createItemRepository.go:25.2,39.16 7 1
golang-clean-arch-hateoas-example/module/item/repository/createItemRepository.go:44.2,48.16 3 1
golang-clean-arch-hateoas-example/module/item/repository/createItemRepository.go:52.2,52.22 1 1
golang-clean-arch-hateoas-example/module/item/repository/createItemRepository.go:13.16,15.3 1 1
golang-clean-arch-hateoas-example/module/item/repository/createItemRepository.go:20.16,23.3 2 0
golang-clean-arch-hateoas-example/module/item/repository/createItemRepository.go:39.16,42.3 2 1
golang-clean-arch-hateoas-example/module/item/repository/createItemRepository.go:48.16,50.3 1 0
golang-clean-arch-hateoas-example/module/item/repository/deleteItemRepository.go:7.74,11.16 2 1
golang-clean-arch-hateoas-example/module/item/repository/deleteItemRepository.go:14.2,16.16 2 1
golang-clean-arch-hateoas-example/module/item/repository/deleteItemRepository.go:21.2,35.16 7 1
golang-clean-arch-hateoas-example/module/item/repository/deleteItemRepository.go:40.2,44.16 3 1
golang-clean-arch-hateoas-example/module/item/repository/deleteItemRepository.go:48.2,48.22 1 1
golang-clean-arch-hateoas-example/module/item/repository/deleteItemRepository.go:11.16,13.3 1 1
golang-clean-arch-hateoas-example/module/item/repository/deleteItemRepository.go:16.16,19.3 2 0
golang-clean-arch-hateoas-example/module/item/repository/deleteItemRepository.go:35.16,38.3 2 1
golang-clean-arch-hateoas-example/module/item/repository/deleteItemRepository.go:44.16,46.3 1 0
golang-clean-arch-hateoas-example/module/item/repository/fetchItensRepository.go:7.79,16.16 3 1
golang-clean-arch-hateoas-example/module/item/repository/fetchItensRepository.go:20.2,20.18 1 1
golang-clean-arch-hateoas-example/module/item/repository/fetchItensRepository.go:45.2,45.20 1 1
golang-clean-arch-hateoas-example/module/item/repository/fetchItensRepository.go:16.16,18.3 1 1
golang-clean-arch-hateoas-example/module/item/repository/fetchItensRepository.go:20.18,32.17 4 1
golang-clean-arch-hateoas-example/module/item/repository/fetchItensRepository.go:36.3,38.17 2 1
golang-clean-arch-hateoas-example/module/item/repository/fetchItensRepository.go:42.3,42.35 1 1
golang-clean-arch-hateoas-example/module/item/repository/fetchItensRepository.go:32.17,34.4 1 0
golang-clean-arch-hateoas-example/module/item/repository/fetchItensRepository.go:38.17,40.4 1 0
golang-clean-arch-hateoas-example/module/item/repository/getByItemRepository.go:7.75,27.16 7 1
golang-clean-arch-hateoas-example/module/item/repository/getByItemRepository.go:31.2,33.16 2 1
golang-clean-arch-hateoas-example/module/item/repository/getByItemRepository.go:37.2,37.22 1 1
golang-clean-arch-hateoas-example/module/item/repository/getByItemRepository.go:27.16,29.3 1 1
golang-clean-arch-hateoas-example/module/item/repository/getByItemRepository.go:33.16,35.3 1 0
golang-clean-arch-hateoas-example/module/item/repository/itemRepository.go:12.67,16.2 1 1
golang-clean-arch-hateoas-example/module/item/repository/updateItemRepository.go:7.92,11.16 2 1
golang-clean-arch-hateoas-example/module/item/repository/updateItemRepository.go:14.2,18.16 2 1
golang-clean-arch-hateoas-example/module/item/repository/updateItemRepository.go:23.2,37.16 7 1
golang-clean-arch-hateoas-example/module/item/repository/updateItemRepository.go:42.2,46.16 3 1
golang-clean-arch-hateoas-example/module/item/repository/updateItemRepository.go:50.2,50.22 1 1
golang-clean-arch-hateoas-example/module/item/repository/updateItemRepository.go:11.16,13.3 1 1
golang-clean-arch-hateoas-example/module/item/repository/updateItemRepository.go:18.16,21.3 2 0
golang-clean-arch-hateoas-example/module/item/repository/updateItemRepository.go:37.16,40.3 2 1
golang-clean-arch-hateoas-example/module/item/repository/updateItemRepository.go:46.16,48.3 1 0
